613
29 28 0.000233
31 29 0.000272
27 31 0.000099
36 27 0.000141
35 36 0.000326
34 35 0.000207
39 34 0.000264
38 39 0.000464
37 38 0.000665
520 37 0.000293
425 501 0.000270
202 495 0.000265
240 429 0.000227
430 429 0.000357
397 430 0.000390
400 397 0.001112
229 282 0.000375
371 353 0.003401
2 356 0.000766
380 346 0.000797
514 349 0.000268
243 244 0.000683
579 563 0.000218
577 579 0.000141
576 577 0.000147
575 576 0.000127
254 575 0.000113
35 222 0.001869
545 425 0.000807
501 428 0.000239
406 183 0.000227
183 185 0.000613
507 187 0.001150
187 191 0.000238
191 193 0.000363
193 195 0.000553
308 199 0.000024
199 204 0.000030
204 206 0.000328
206 209 0.000576
14 209 0.000484
209 213 0.000475
213 215 0.000438
215 217 0.000316
216 18 0.000171
17 18 0.000230
20 17 0.000171
19 20 0.000891
22 19 0.000233
21 22 0.001044
23 21 0.000343
160 23 0.000118
102 499 0.002373
395 72 0.000332
185 72 0.000146
467 496 0.000992
196 497 0.000511
177 437 0.000304
437 432 0.000491
504 101 0.000120
93 101 0.000414
97 93 0.000218
85 97 0.000086
83 85 0.000109
88 83 0.000155
118 88 0.000076
121 118 0.000088
114 121 0.000294
115 114 0.000335
101 115 0.000371
84 130 0.000172
151 124 0.000139
153 151 0.000136
148 153 0.000131
143 148 0.000159
146 143 0.000197
40 53 0.000327
45 40 0.000157
48 45 0.000135
49 48 0.000189
95 49 0.000173
446 159 0.000141
159 156 0.000463
156 180 0.000153
180 178 0.000124
526 176 0.000103
423 523 0.000619
523 525 0.000422
8 524 0.000509
524 521 0.000439
33 522 0.000395
385 519 0.000173
519 520 0.000414
37 517 0.000424
517 518 0.000330
566 450 0.002247
507 467 0.000583
496 476 0.000087
476 491 0.000171
491 483 0.001202
483 486 0.000955
452 492 0.000894
169 398 0.000158
398 402 0.000348
494 404 0.000392
404 407 0.000472
407 405 0.000322
405 409 0.000274
409 413 0.000176
413 414 0.000154
414 417 0.000156
417 419 0.000225
419 422 0.000124
554 480 0.000195
478 480 0.000272
473 478 0.000130
475 473 0.000144
315 317 0.000157
330 317 0.001503
320 315 0.000112
319 320 0.000178
324 319 0.000411
322 324 0.000306
328 322 0.000167
326 328 0.000138
332 326 0.000272
330 332 0.000255
307 330 0.002132
553 557 0.001327
551 553 0.000558
562 551 0.000025
559 562 0.000207
530 559 0.000354
528 530 0.000556
533 528 0.000721
313 310 0.000321
339 313 0.000620
225 313 0.000147
343 339 0.000690
334 343 0.000927
337 334 0.000424
536 337 0.000595
370 16 0.000265
16 15 0.000188
15 14 0.000307
8 245 0.000174
245 227 0.000145
227 226 0.000153
226 228 0.000124
181 223 0.000795
223 221 0.000493
111 224 0.000548
224 225 0.000093
537 532 0.000521
581 532 0.000274
539 537 0.000537
538 539 0.000167
535 538 0.000164
536 535 0.000366
532 536 0.000682
580 578 0.000782
423 580 0.001911
578 581 0.000364
388 50 0.000502
50 51 0.000282
51 52 0.000107
52 41 0.000067
41 43 0.000073
43 46 0.000488
337 561 0.000969
561 548 0.000869
548 555 0.000278
555 543 0.000148
543 546 0.000111
546 540 0.000229
540 541 0.000362
541 542 0.000620
542 571 0.000634
571 569 0.000557
569 567 0.000234
567 565 0.000230
156 147 0.000150
147 144 0.000220
144 140 0.000264
140 139 0.000239
139 154 0.000229
210 207 0.000214
207 214 0.000737
214 211 0.000212
211 189 0.000151
189 192 0.000165
192 197 0.000154
197 182 0.000175
379 582 0.001255
582 585 0.000282
585 584 0.001777
460 583 0.000577
302 304 0.000073
296 302 0.000078
294 296 0.000009
291 294 0.000076
157 291 0.000089
161 157 0.000068
164 161 0.000078
563 164 0.000061
166 164 0.000073
304 166 0.000080
115 254 0.001325
167 286 0.000225
286 303 0.000120
61 305 0.000057
305 306 0.000370
82 309 0.000273
272 277 0.000442
234 276 0.000331
276 269 0.000405
269 268 0.000308
268 271 0.000398
271 270 0.000550
545 202 0.000336
495 205 0.000019
205 219 0.000309
219 220 0.000333
220 216 0.000293
18 218 0.000153
218 165 0.000372
165 163 0.000450
163 160 0.000698
23 158 0.000471
158 168 0.000378
168 167 0.000375
232 292 0.000266
300 292 0.000443
297 300 0.000266
10 297 0.000212
9 10 0.000227
6 9 0.000332
4 6 0.000249
13 4 0.000171
12 13 0.000043
11 12 0.000191
1 11 0.000815
415 1 0.000215
334 105 0.000141
105 109 0.000163
109 99 0.000146
99 94 0.000197
94 91 0.000170
91 98 0.000261
98 95 0.000078
49 86 0.000366
433 152 0.000541
152 149 0.000188
149 145 0.000157
145 141 0.000130
141 138 0.000171
138 136 0.000399
136 137 0.000329
184 134 0.000509
134 132 0.000364
132 131 0.000325
252 266 0.000692
246 252 0.000095
248 246 0.000241
258 248 0.000202
260 258 0.000197
259 260 0.001247
186 260 0.000661
270 259 0.000697
230 203 0.000280
212 203 0.000225
208 212 0.000173
194 208 0.000466
190 194 0.000150
200 190 0.000274
198 200 0.000656
188 198 0.000240
311 188 0.000218
221 111 0.000841
86 181 0.000343
228 181 0.000530
184 186 0.000120
137 184 0.000348
433 441 0.000812
561 433 0.000951
307 301 0.000409
424 307 0.000436
44 47 0.000977
42 44 0.000327
66 42 0.000086
65 66 0.000128
241 65 0.000657
64 65 0.000155
62 64 0.000113
60 62 0.000165
58 60 0.000118
55 58 0.000134
77 55 0.000159
80 77 0.000256
463 80 0.000596
317 545 0.000622
549 545 0.000517
480 549 0.000469
182 549 0.000121
468 554 0.000418
512 554 0.000342
117 119 0.000070
116 117 0.000125
96 116 0.000183
92 96 0.000315
90 92 0.000163
89 90 0.000089
87 89 0.000116
84 87 0.000189
110 84 0.000073
106 110 0.000577
124 106 0.000084
102 106 0.000698
372 102 0.001180
344 340 0.000165
341 344 0.000196
350 341 0.000049
351 350 0.000134
347 351 0.000149
357 347 0.000111
354 357 0.000135
361 354 0.000075
359 361 0.000088
365 359 0.000243
363 365 0.000350
369 363 0.000250
367 369 0.000600
372 367 0.000554
575 372 0.001007
346 514 0.000476
515 514 0.000184
516 515 0.000112
502 516 0.000144
503 502 0.000589
505 503 0.000338
80 505 0.000296
135 133 0.000104
150 135 0.000218
155 150 0.000223
142 155 0.000146
112 142 0.000223
107 108 0.000321
104 107 0.000099
103 104 0.000264
100 103 0.000116
113 100 0.000321
112 113 0.000229
65 112 0.001279
120 122 0.000664
292 120 0.000760
420 379 0.000972
434 379 0.001015
383 381 0.001392
388 383 0.000290
391 388 0.000546
389 391 0.000480
428 389 0.000183
128 125 0.000133
129 128 0.000061
126 129 0.000053
127 126 0.000097
57 127 0.000091
54 57 0.000095
56 54 0.000320
59 56 0.000198
301 59 0.000516
552 544 0.000187
556 552 0.000231
547 556 0.000066
550 547 0.000144
560 550 0.000181
558 560 0.000154
531 558 0.000257
529 531 0.000627
534 529 0.000355
339 534 0.000676
171 169 0.000096
399 169 0.000263
170 171 0.000234
172 170 0.000514
173 172 0.000097
174 173 0.000155
176 173 0.000426
402 494 0.001199
482 494 0.000179
485 482 0.000098
489 485 0.000126
487 489 0.000080
490 487 0.000428
446 490 0.000138
442 446 0.000194
162 446 0.000712
444 442 0.000326
488 444 0.000461
449 452 0.000994
486 452 0.000788
201 449 0.002269
436 449 0.000371
418 436 0.000821
381 434 0.001326
440 434 0.001034
461 440 0.002562
46 440 0.002421
465 461 0.000565
464 465 0.000142
462 464 0.000110
457 462 0.000213
455 457 0.000207
454 455 0.000157
460 454 0.000432
584 460 0.001464
175 174 0.000178
177 175 0.000059
7 177 0.000695
290 179 0.000127
289 290 0.000196
288 289 0.000233
448 288 0.000236
287 288 0.000214
285 287 0.000034
284 285 0.000132
283 284 0.000214
281 283 0.000171
280 281 0.000143
308 280 0.000089
244 308 0.000109
195 308 0.000516
556 401 0.000267
356 380 0.000735
366 380 0.001424
368 366 0.002531
374 373 0.000200
375 374 0.000172
376 375 0.000102
377 376 0.000131
378 377 0.000956
345 378 0.000193
348 345 0.000103
352 348 0.000118
355 352 0.000479
358 355 0.000555
360 358 0.000064
362 360 0.000085
364 362 0.000122
327 364 0.000912
325 327 0.000178
331 325 0.000231
329 331 0.000166
318 329 0.000425
295 293 0.000368
298 295 0.000143
299 298 0.000131
261 299 0.000215
256 257 0.000098
513 256 0.000026
278 255 0.000091
253 255 0.000135
251 253 0.000260
250 251 0.000710
249 250 0.000216
247 249 0.000195
265 247 0.000114
263 265 0.000222
264 263 0.000385
262 264 0.000095
261 262 0.001483
257 261 0.000560
2 0 0.002109
353 2 0.000184
72 507 0.001032
506 507 0.002806
500 498 0.000550
527 500 0.000273
526 527 0.000302
178 526 0.000471
5 3 0.000244
7 5 0.000545
179 7 0.000538
466 32 0.000668
496 196 0.000806
196 201 0.000607
565 472 0.000333
277 234 0.000189
578 234 0.004366
203 232 0.000288
142 230 0.000803
505 241 0.000250
239 241 0.001205
237 239 0.001925
349 239 0.000162
242 237 0.000688
293 237 0.001183
450 242 0.000373
389 406 0.000718
403 406 0.000380
412 403 0.000569
411 412 0.000134
410 411 0.000375
408 410 0.001593
418 408 0.001173
434 418 0.000972
420 418 0.000984
1 420 0.000680
416 415 0.000654
426 416 0.000252
427 426 0.000182
421 427 0.000159
423 421 0.000132
120 423 0.000882
466 463 0.001463
422 463 0.000216
469 466 0.000343
470 469 0.000165
471 470 0.000124
474 471 0.000366
477 474 0.000260
479 477 0.000179
481 479 0.000183
488 481 0.001027
452 488 0.001028
323 493 0.000169
321 323 0.000326
373 318 0.000224
316 318 0.000355
314 316 0.000045
312 314 0.000060
188 312 0.000195
342 311 0.000085
493 311 0.000207
338 342 0.000152
335 338 0.000129
336 335 0.000173
333 336 0.000204
112 333 0.000307
533 238 0.000697
238 240 0.000681
429 235 0.000369
235 236 0.001883
236 231 0.000240
231 233 0.000190
217 229 0.000274
233 229 0.000235
456 453 0.000165
453 459 0.000130
459 458 0.000117
458 447 0.000150
447 445 0.000154
445 443 0.000230
443 451 0.000264
451 448 0.000262
288 435 0.000152
435 431 0.000411
431 439 0.000282
439 438 0.000264
438 370 0.000656
370 371 0.001009
282 371 0.000368
384 386 0.000943
385 384 0.000964
522 385 0.000076
566 564 0.001065
564 570 0.000157
273 568 0.000078
568 573 0.000231
573 572 0.000298
572 574 0.000420
525 8 0.000822
521 33 0.000176
25 26 0.000106
30 25 0.000148
75 25 0.000593
24 30 0.000441
75 68 0.000577
28 75 0.000343
76 75 0.000087
79 76 0.000117
73 79 0.000171
74 73 0.000118
570 123 0.000049
255 513 0.000039
396 395 0.000160
382 395 0.000324
393 396 0.000096
394 393 0.000098
390 394 0.000085
392 390 0.000074
387 392 0.000094
382 387 0.000075
484 382 0.000541
508 509 0.000229
309 67 0.000299
511 508 0.000558
510 511 0.000258
78 67 0.000668
504 510 0.000306
70 69 0.000490
69 71 0.000332
71 63 0.000207
63 61 0.000186
303 61 0.000311
239 504 0.000748
82 81 0.000474
306 82 0.000077
274 279 0.000249
267 275 0.000335
123 273 0.000042
279 273 0.000792
275 278 0.000665
