586
37.948130 91.736618
37.949925 91.745583
37.948186 91.738726
37.945469 91.742503
37.949971 91.744373
37.945398 91.742270
37.950149 91.744199
37.945351 91.741727
37.953328 91.745226
37.950404 91.743986
37.950543 91.743806
37.949925 91.744768
37.949909 91.744578
37.949921 91.744537
37.943915 91.740042
37.944175 91.739878
37.944349 91.739808
37.945952 91.748561
37.945819 91.748749
37.946988 91.748654
37.946111 91.748498
37.947204 91.749817
37.947188 91.748773
37.947000 91.750093
37.955717 91.741814
37.956296 91.741889
37.956387 91.741943
37.955989 91.743386
37.956030 91.742786
37.955989 91.743015
37.956157 91.741839
37.955984 91.743287
37.949616 91.741361
37.954449 91.745171
37.955992 91.744060
37.955998 91.743853
37.955995 91.743527
37.955771 91.745435
37.955888 91.744780
37.955960 91.744322
37.953186 91.746523
37.945307 91.747555
37.951622 91.740513
37.945374 91.747585
37.951947 91.740550
37.953342 91.746542
37.945862 91.747587
37.952923 91.740508
37.953454 91.746617
37.953580 91.746758
37.945245 91.747107
37.945256 91.747389
37.945282 91.747493
37.952859 91.746507
37.945609 91.752156
37.951018 91.740156
37.945335 91.752322
37.945704 91.752154
37.951150 91.740181
37.945154 91.752403
37.951215 91.740280
37.947863 91.751749
37.951180 91.740441
37.947709 91.751854
37.951255 91.740526
37.951410 91.740537
37.951537 91.740523
37.948639 91.752453
37.956699 91.742552
37.947703 91.752390
37.947620 91.752873
37.947680 91.752059
37.943858 91.744942
37.955877 91.742631
37.955763 91.742601
37.956130 91.742458
37.956052 91.742419
37.950859 91.740152
37.948409 91.753080
37.955950 91.742476
37.950857 91.739896
37.947983 91.752593
37.948160 91.752153
37.952404 91.739409
37.956332 91.739959
37.952300 91.739378
37.953736 91.746427
37.956232 91.740119
37.952559 91.739406
37.956121 91.740153
37.956043 91.740111
37.953642 91.747234
37.955981 91.739960
37.952263 91.739085
37.953738 91.747374
37.953518 91.746920
37.955900 91.739656
37.952257 91.739303
37.953536 91.746996
37.953809 91.747558
37.951201 91.741455
37.952258 91.738671
37.956254 91.738615
37.951131 91.741363
37.950867 91.741361
37.953846 91.747862
37.956282 91.739312
37.950836 91.741455
37.950856 91.741775
37.953845 91.747699
37.956316 91.739888
37.955587 91.747439
37.951424 91.741816
37.951199 91.741776
37.952667 91.739002
37.952629 91.738669
37.955719 91.739681
37.955599 91.739716
37.952628 91.739373
37.955573 91.739651
37.951457 91.744436
37.952670 91.739296
37.952121 91.744458
37.952572 91.733399
37.956198 91.739314
37.945777 91.752507
37.945837 91.752277
37.945786 91.752194
37.945842 91.752391
37.945839 91.752330
37.956370 91.740127
37.955365 91.752299
37.955324 91.751977
37.950882 91.742249
37.955193 91.751637
37.950986 91.742249
37.954693 91.750562
37.954824 91.750864
37.954516 91.750204
37.947577 91.742244
37.947508 91.742015
37.954417 91.750064
37.951427 91.742039
37.955680 91.739214
37.947464 91.741755
37.954318 91.749980
37.955500 91.739293
37.947462 91.741535
37.955835 91.739178
37.954175 91.749916
37.951204 91.742250
37.956060 91.739294
37.953987 91.749909
37.955964 91.739198
37.947604 91.742471
37.951281 91.742041
37.947493 91.741388
37.954691 91.738896
37.947287 91.750467
37.947956 91.741391
37.946928 91.750000
37.954629 91.738923
37.948805 91.741391
37.946468 91.749475
37.954587 91.738989
37.946164 91.749143
37.954613 91.739057
37.947614 91.751143
37.947478 91.750793
37.946201 91.740431
37.946198 91.740761
37.946200 91.740527
37.946193 91.741275
37.946219 91.741368
37.946168 91.741514
37.946087 91.741673
37.946645 91.741370
37.946046 91.741715
37.947219 91.741351
37.944813 91.741736
37.947343 91.741359
37.953909 91.746131
37.943737 91.747983
37.944027 91.745681
37.954973 91.751178
37.943890 91.745084
37.954862 91.751223
37.943365 91.742817
37.952615 91.741974
37.943819 91.747499
37.952446 91.743131
37.943331 91.742581
37.943806 91.747663
37.943334 91.742218
37.952296 91.743141
37.943365 91.741666
37.945380 91.744475
37.943757 91.747809
37.952580 91.742211
37.943411 91.741128
37.952486 91.742860
37.945986 91.744439
37.944598 91.748130
37.951441 91.743122
37.943411 91.741098
37.944870 91.748211
37.943418 91.740770
37.943225 91.746597
37.951831 91.743172
37.943456 91.740195
37.943044 91.746482
37.943781 91.747353
37.951658 91.743183
37.943463 91.739720
37.943707 91.747154
37.943589 91.739300
37.945691 91.748635
37.943724 91.739014
37.945933 91.748851
37.945166 91.748298
37.945461 91.748453
37.954925 91.746920
37.957867 91.743865
37.954560 91.746588
37.956045 91.747739
37.956080 91.747825
37.953436 91.745681
37.953374 91.745541
37.953514 91.745778
37.943858 91.738775
37.951437 91.742842
37.943985 91.738369
37.951445 91.743410
37.943920 91.738548
37.951527 91.752377
37.944036 91.736254
37.944048 91.738137
37.951369 91.736750
37.944023 91.734977
37.951390 91.738675
37.944013 91.735658
37.951403 91.739880
37.951361 91.736062
37.942619 91.741185
37.943301 91.741154
37.953346 91.745399
37.954078 91.750567
37.954618 91.735661
37.954185 91.750783
37.954423 91.735659
37.954208 91.735637
37.953498 91.735615
37.953995 91.750521
37.953238 91.735624
37.953954 91.738657
37.953137 91.735713
37.953119 91.735775
37.953092 91.735869
37.954210 91.750983
37.954195 91.752427
37.954202 91.751180
37.953100 91.736429
37.954583 91.736447
37.954666 91.735988
37.954641 91.736372
37.954663 91.735766
37.953303 91.750504
37.952781 91.734944
37.952559 91.752248
37.952251 91.752245
37.953502 91.752350
37.952954 91.752300
37.950933 91.752588
37.952610 91.733379
37.952967 91.734349
37.953115 91.734966
37.951851 91.752311
37.951345 91.752429
37.953098 91.735631
37.952832 91.734140
37.943499 91.741159
37.943641 91.741171
37.944233 91.738784
37.943807 91.741210
37.944006 91.741290
37.944125 91.741346
37.947696 91.751352
37.944156 91.741361
37.944315 91.741504
37.944506 91.741637
37.944689 91.741707
37.954770 91.738937
37.951448 91.743676
37.952551 91.736807
37.954782 91.739012
37.952919 91.736801
37.954784 91.739021
37.950741 91.743730
37.953056 91.736760
37.953116 91.736643
37.951005 91.743694
37.944639 91.752365
37.954744 91.739088
37.947739 91.751464
37.954674 91.739108
37.947885 91.751802
37.948102 91.752102
37.944230 91.752359
37.943410 91.741152
37.948365 91.752334
37.956420 91.747988
37.952437 91.741848
37.952775 91.742086
37.956099 91.747971
37.952830 91.742110
37.944099 91.748726
37.952871 91.742128
37.944256 91.748724
37.953226 91.742144
37.943906 91.748912
37.943991 91.748756
37.952554 91.741159
37.943733 91.749607
37.952524 91.741484
37.943788 91.749306
37.953478 91.741421
37.943837 91.749888
37.953650 91.741375
37.943764 91.749771
37.953223 91.741719
37.944239 91.750227
37.953307 91.741576
37.944034 91.750076
37.951730 91.741789
37.953865 91.748002
37.952100 91.741728
37.951928 91.741742
37.953441 91.748009
37.952229 91.741737
37.955480 91.747937
37.955752 91.736075
37.955400 91.736146
37.952368 91.741799
37.954792 91.747985
37.955588 91.736089
37.954612 91.742784
37.950484 91.738699
37.955108 91.736271
37.954680 91.742707
37.951228 91.738679
37.955352 91.736153
37.955219 91.736171
37.954722 91.742597
37.948002 91.738729
37.955007 91.736490
37.954726 91.742118
37.948952 91.738715
37.955040 91.736359
37.954711 91.741563
37.955009 91.736653
37.954688 91.741503
37.955008 91.736565
37.954658 91.741423
37.955093 91.737240
37.954562 91.741348
37.955055 91.736892
37.949630 91.737282
37.955059 91.738089
37.949595 91.734751
37.955096 91.737490
37.944613 91.739787
37.944601 91.738778
37.955074 91.738643
37.953224 91.742368
37.953223 91.742568
37.953277 91.742731
37.953346 91.742806
37.953476 91.742825
37.954432 91.742853
37.949278 91.746579
37.949687 91.738705
37.946937 91.746555
37.943202 91.744955
37.945545 91.746579
37.955035 91.744273
37.954916 91.745230
37.955136 91.743335
37.943210 91.745030
37.945256 91.746605
37.944230 91.746603
37.943284 91.745174
37.944710 91.746583
37.943233 91.745121
37.943450 91.745190
37.943356 91.745219
37.943526 91.744949
37.943499 91.745107
37.943418 91.735446
37.946359 91.740424
37.945938 91.740443
37.942460 91.734881
37.956389 91.749974
37.946707 91.740408
37.944444 91.745803
37.948298 91.740403
37.949091 91.740369
37.944077 91.745902
37.948769 91.740374
37.947088 91.745591
37.949364 91.740343
37.945495 91.745610
37.945120 91.745614
37.944988 91.745637
37.949537 91.740309
37.949677 91.740244
37.950140 91.745579
37.950793 91.745537
37.949800 91.740148
37.948261 91.745593
37.949947 91.739978
37.949245 91.745608
37.951337 91.745319
37.950046 91.739903
37.951469 91.745318
37.944228 91.752795
37.944247 91.747295
37.951015 91.745418
37.951180 91.745342
37.944235 91.746786
37.944022 91.735885
37.943740 91.735666
37.944516 91.740978
37.946174 91.742498
37.953446 91.749929
37.948263 91.746565
37.944369 91.741362
37.948257 91.744772
37.946074 91.742018
37.944618 91.740443
37.944587 91.740705
37.948283 91.747599
37.952635 91.749961
37.948134 91.741608
37.944107 91.742229
37.948228 91.741920
37.944118 91.742459
37.948094 91.741418
37.944169 91.742604
37.944209 91.741715
37.948255 91.744401
37.951357 91.735689
37.944138 91.741967
37.948269 91.743407
37.944479 91.742821
37.948817 91.751270
37.948668 91.751220
37.944643 91.742818
37.948501 91.751097
37.944253 91.742728
37.944353 91.742789
37.949240 91.751357
37.948252 91.750161
37.948343 91.750954
37.950261 91.739920
37.948284 91.750861
37.948241 91.750726
37.950284 91.741383
37.944213 91.743874
37.942664 91.748110
37.950289 91.741726
37.950257 91.741888
37.950192 91.741994
37.956573 91.751511
37.943129 91.748457
37.949888 91.742197
37.942993 91.748505
37.945198 91.743606
37.949657 91.742316
37.943229 91.748374
37.949484 91.742361
37.943277 91.748106
37.949302 91.742375
37.947891 91.740587
37.946526 91.743437
37.942661 91.744966
37.947868 91.740682
37.947481 91.743431
37.947919 91.740880
37.948275 91.742379
37.947886 91.740807
37.948056 91.741285
37.945325 91.743491
37.949163 91.743408
37.952501 91.741651
37.947906 91.740409
37.944852 91.748206
37.945188 91.743692
37.945446 91.744982
37.946910 91.742476
37.958627 91.738618
37.946771 91.741944
37.944242 91.747025
37.951148 91.738965
37.951197 91.739552
37.952138 91.738671
37.951153 91.739887
37.940828 91.743994
37.943633 91.743935
37.952566 91.737654
37.952711 91.737477
37.952178 91.738368
37.952270 91.738127
37.943050 91.747767
37.953126 91.735750
37.950960 91.738686
37.950946 91.738869
37.951057 91.738853
37.956185 91.745526
37.956505 91.745608
37.955084 91.745272
37.955490 91.745352
37.954273 91.745166
37.954842 91.745211
37.952088 91.745323
37.953834 91.745174
37.952510 91.745305
37.946748 91.741370
37.946752 91.741672
37.944727 91.734269
37.955656 91.748941
37.945279 91.734203
37.955925 91.749507
37.952164 91.748011
37.944006 91.734280
37.955525 91.748611
37.952877 91.748375
37.952846 91.748010
37.952156 91.748532
37.952848 91.748536
37.952690 91.748589
37.954954 91.749277
37.955123 91.749597
37.955377 91.750163
37.954749 91.749014
37.956426 91.750610
37.944263 91.748102
37.954839 91.749079
37.956263 91.750156
37.954327 91.748964
37.943746 91.748104
37.956172 91.750044
37.945664 91.734625
37.956349 91.750440
37.946221 91.734657
37.943082 91.748107
37.954605 91.748979
37.956282 91.750219
37.947548 91.734655
37.956048 91.749733
37.945466 91.734504
37.956110 91.749874
37.953458 91.748978
37.945643 91.734612
37.954535 91.738957
37.952372 91.733434
37.956240 91.751497
37.951307 91.733443
37.956022 91.751425
37.952679 91.733343
37.955870 91.751247
37.952529 91.733422
37.955624 91.750747
37.953005 91.732929
37.952842 91.733179
37.953212 91.732564
37.954067 91.738656
37.954094 91.738780
37.954181 91.738898
37.951526 91.748011
37.954319 91.738928
37.951509 91.747229
37.951890 91.748011
37.949277 91.747834
37.949244 91.751934
37.949274 91.749893
37.949280 91.748116
